Build started 2/26/2018 12:18:13 AM.
     1>Project "K:\temporary\BS-X checksum calculator\win32_project2\win32_project2.vcxproj" on node 2 (build target(s)).
     1>InitializeBuildStatus:
         Creating "Release\win32_project2.unsuccessfulbuild" because "AlwaysCreate" was specified.
       ClCompile:
         C:\Program Files (x86)\Microsoft Visual Studio 10.0\VC\bin\CL.exe /c /Zi /nologo /W3 /WX- /O2 /Oi /Oy- /GL /D WIN32 /D NDEBUG /D _WINDOWS /D _UNICODE /D UNICODE /Gm- /EHsc /MD /GS /Gy /fp:precise /Zc:wchar_t /Zc:forScope /Fo"Release\\" /Fd"Release\vc100.pdb" /Gd /TP /analyze- /errorReport:prompt main.cpp
         main.cpp
     1>main.cpp(24): warning C4996: 'fopen': This function or variable may be unsafe. Consider using fopen_s instead. To disable deprecation, use _CRT_SECURE_NO_WARNINGS. See online help for details.
                 C:\Program Files (x86)\Microsoft Visual Studio 10.0\VC\include\stdio.h(234) : see declaration of 'fopen'
     1>main.cpp(67): warning C4244: '=' : conversion from 'uint16_t' to 'uint8_t', possible loss of data
       Link:
         C:\Program Files (x86)\Microsoft Visual Studio 10.0\VC\bin\link.exe /ERRORREPORT:PROMPT /OUT:"K:\temporary\BS-X checksum calculator\Release\win32_project2.exe" /INCREMENTAL:NO /NOLOGO "allegro-4.4.2-md.lib" kernel32.lib user32.lib gdi32.lib winspool.lib comdlg32.lib advapi32.lib shell32.lib ole32.lib oleaut32.lib uuid.lib odbc32.lib odbccp32.lib /MANIFEST /ManifestFile:"Release\win32_project2.exe.intermediate.manifest" /MANIFESTUAC:"level='asInvoker' uiAccess='false'" /DEBUG /PDB:"K:\temporary\BS-X checksum calculator\Release\win32_project2.pdb" /SUBSYSTEM:CONSOLE /OPT:REF /OPT:ICF /LTCG /TLBID:1 /DYNAMICBASE /NXCOMPAT /IMPLIB:"K:\temporary\BS-X checksum calculator\Release\win32_project2.lib" /MACHINE:X86 Release\main.obj
         Generating code
         Finished generating code
         win32_project2.vcxproj -> K:\temporary\BS-X checksum calculator\Release\win32_project2.exe
       Manifest:
         C:\Program Files (x86)\Microsoft SDKs\Windows\v7.0A\bin\mt.exe /nologo /verbose /outputresource:"K:\temporary\BS-X checksum calculator\Release\win32_project2.exe;#1" /manifest Release\win32_project2.exe.intermediate.manifest
       FinalizeBuildStatus:
         Deleting file "Release\win32_project2.unsuccessfulbuild".
         Touching "Release\win32_project2.lastbuildstate".
     1>Done Building Project "K:\temporary\BS-X checksum calculator\win32_project2\win32_project2.vcxproj" (build target(s)).

Build succeeded.

Time Elapsed 00:00:00.39
